2025-11-24 21:45:32,798 INFO o.a.j.u.JMeterUtils: Setting Locale to en_EN
2025-11-24 21:45:32,821 INFO o.a.j.JMeter: Loading user properties from: C:\Tools\apache-jmeter-5.6.3\bin\user.properties
2025-11-24 21:45:32,822 INFO o.a.j.JMeter: Loading system properties from: C:\Tools\apache-jmeter-5.6.3\bin\system.properties
2025-11-24 21:45:32,829 INFO o.a.j.JMeter: Copyright (c) 1998-2024 The Apache Software Foundation
2025-11-24 21:45:32,830 INFO o.a.j.JMeter: Version 5.6.3
2025-11-24 21:45:32,830 INFO o.a.j.JMeter: java.version=1.8.0_91
2025-11-24 21:45:32,830 INFO o.a.j.JMeter: java.vm.name=Java HotSpot(TM) 64-Bit Server VM
2025-11-24 21:45:32,830 INFO o.a.j.JMeter: os.name=Windows 10
2025-11-24 21:45:32,830 INFO o.a.j.JMeter: os.arch=amd64
2025-11-24 21:45:32,831 INFO o.a.j.JMeter: os.version=10.0
2025-11-24 21:45:32,831 INFO o.a.j.JMeter: file.encoding=Cp1252
2025-11-24 21:45:32,831 INFO o.a.j.JMeter: java.awt.headless=null
2025-11-24 21:45:32,831 INFO o.a.j.JMeter: Max memory     =1073741824
2025-11-24 21:45:32,832 INFO o.a.j.JMeter: Available Processors =8
2025-11-24 21:45:32,839 INFO o.a.j.JMeter: Default Locale=English (EN)
2025-11-24 21:45:32,840 INFO o.a.j.JMeter: JMeter  Locale=English (EN)
2025-11-24 21:45:32,840 INFO o.a.j.JMeter: JMeterHome=C:\Tools\apache-jmeter-5.6.3
2025-11-24 21:45:32,840 INFO o.a.j.JMeter: user.dir  =C:\Users\afmon\AndroidStudioProjects\encomienda
2025-11-24 21:45:32,840 INFO o.a.j.JMeter: PWD       =C:\Users\afmon\AndroidStudioProjects\encomienda
2025-11-24 21:45:32,843 INFO o.a.j.JMeter: IP: 172.31.80.1 Name: Andres_Monroy FullName: Andres_Monroy.mshome.net
